0 info it worked if it ends with ok
1 verbose cli [ '/usr/local/Cellar/node/7.0.0/bin/node',
1 verbose cli   '/usr/local/bin/npm',
1 verbose cli   'run',
1 verbose cli   'watch:all' ]
2 info using npm@3.10.8
3 info using node@v7.0.0
4 verbose run-script [ 'prewatch:all', 'watch:all', 'postwatch:all' ]
5 info lifecycle @1.0.0~prewatch:all: @1.0.0
6 silly lifecycle @1.0.0~prewatch:all: no script for prewatch:all, continuing
7 info lifecycle @1.0.0~watch:all: @1.0.0
8 verbose lifecycle @1.0.0~watch:all: unsafe-perm in lifecycle true
9 verbose lifecycle @1.0.0~watch:all: PATH: /usr/local/lib/node_modules/npm/bin/node-gyp-bin:/Users/daviddavis/Dystrick/Fisher-map/node_modules/.bin:/usr/local/Cellar/node/7.0.0/bin:/usr/local/git/bin:/sw/bin/:/usr/local/bin:/usr/local/:/usr/local/sbin:/usr/local/mysql/bin:/usr/local/bin:/usr/bin:/bin:/usr/sbin:/sbin:/usr/local/bin/
10 verbose lifecycle @1.0.0~watch:all: CWD: /Users/daviddavis/Dystrick/Fisher-map
11 silly lifecycle @1.0.0~watch:all: Args: [ '-c',
11 silly lifecycle   'parallelshell \'npm run server\' \'npm run serve\' \'npm run watch:css\' \'npm run watch:images\' \'npm run watch:js\'' ]
12 silly lifecycle @1.0.0~watch:all: Returned: code: 1  signal: null
13 info lifecycle @1.0.0~watch:all: Failed to exec watch:all script
14 verbose stack Error: @1.0.0 watch:all: `parallelshell 'npm run server' 'npm run serve' 'npm run watch:css' 'npm run watch:images' 'npm run watch:js'`
14 verbose stack Exit status 1
14 verbose stack     at EventEmitter.<anonymous> (/usr/local/lib/node_modules/npm/lib/utils/lifecycle.js:255:16)
14 verbose stack     at emitTwo (events.js:106:13)
14 verbose stack     at EventEmitter.emit (events.js:191:7)
14 verbose stack     at ChildProcess.<anonymous> (/usr/local/lib/node_modules/npm/lib/utils/spawn.js:40:14)
14 verbose stack     at emitTwo (events.js:106:13)
14 verbose stack     at ChildProcess.emit (events.js:191:7)
14 verbose stack     at maybeClose (internal/child_process.js:877:16)
14 verbose stack     at Process.ChildProcess._handle.onexit (internal/child_process.js:226:5)
15 verbose pkgid @1.0.0
16 verbose cwd /Users/daviddavis/Dystrick/Fisher-map
17 error Darwin 16.1.0
18 error argv "/usr/local/Cellar/node/7.0.0/bin/node" "/usr/local/bin/npm" "run" "watch:all"
19 error node v7.0.0
20 error npm  v3.10.8
21 error code ELIFECYCLE
22 error @1.0.0 watch:all: `parallelshell 'npm run server' 'npm run serve' 'npm run watch:css' 'npm run watch:images' 'npm run watch:js'`
22 error Exit status 1
23 error Failed at the @1.0.0 watch:all script 'parallelshell 'npm run server' 'npm run serve' 'npm run watch:css' 'npm run watch:images' 'npm run watch:js''.
23 error Make sure you have the latest version of node.js and npm installed.
23 error If you do, this is most likely a problem with the  package,
23 error not with npm itself.
23 error Tell the author that this fails on your system:
23 error     parallelshell 'npm run server' 'npm run serve' 'npm run watch:css' 'npm run watch:images' 'npm run watch:js'
23 error You can get information on how to open an issue for this project with:
23 error     npm bugs
23 error Or if that isn't available, you can get their info via:
23 error     npm owner ls
23 error There is likely additional logging output above.
24 verbose exit [ 1, true ]
